<?xml version="1.0" encoding="utf-8"?>
<coverage line-rate="0.8785" branch-rate="0.9333" version="1.9" timestamp="1766290470" lines-covered="123" lines-valid="140" branches-covered="28" branches-valid="30">
  <sources>
    <source>C:\Users\cany7\source\repos\CEN315 Fitness Service\Fitness_Service_API\</source>
  </sources>
  <packages>
    <package name="Fitness_Service_API" line-rate="0.8785" branch-rate="0.9333" complexity="55">
      <classes>
        <class name="ReservationsController" filename="Controllers\Controller_Reservation.cs" line-rate="1" branch-rate="1" complexity="9">
          <methods>
            <method name="CreateReservation" signature="(System.Guid,System.Guid)" line-rate="1" branch-rate="1" complexity="4">
              <lines>
                <line number="18" hits="4" branch="False" />
                <line number="19" hits="7" branch="False" />
                <line number="20" hits="7" branch="False" />
                <line number="22" hits="4" branch="True" condition-coverage="100% (4/4)">
                  <conditions>
                    <condition number="68" type="jump" coverage="100%" />
                    <condition number="79" type="jump" coverage="100%" />
                  </conditions>
                </line>
                <line number="23" hits="2" branch="False" />
                <line number="26" hits="2" branch="False" />
                <line number="27" hits="2" branch="False" />
                <line number="28" hits="1" branch="False" />
                <line number="30" hits="1" branch="False" />
                <line number="31" hits="1" branch="False" />
                <line number="32" hits="1" branch="False" />
                <line number="34" hits="4" branch="False" />
              </lines>
            </method>
            <method name="GetAll" signature="()" line-rate="1" branch-rate="1" complexity="1">
              <lines>
                <line number="38" hits="1" branch="False" />
                <line number="39" hits="1" branch="False" />
                <line number="40" hits="1" branch="False" />
              </lines>
            </method>
            <method name="GetById" signature="(System.Guid)" line-rate="1" branch-rate="1" complexity="2">
              <lines>
                <line number="44" hits="2" branch="False" />
                <line number="45" hits="3" branch="False" />
                <line number="46" hits="2" branch="True" condition-coverage="100% (2/2)">
                  <conditions>
                    <condition number="43" type="jump" coverage="100%" />
                  </conditions>
                </line>
                <line number="47" hits="1" branch="False" />
                <line number="49" hits="1" branch="False" />
                <line number="50" hits="2" branch="False" />
              </lines>
            </method>
            <method name="Delete" signature="(System.Guid)" line-rate="1" branch-rate="1" complexity="1">
              <lines>
                <line number="54" hits="2" branch="False" />
                <line number="56" hits="2" branch="False" />
                <line number="57" hits="2" branch="False" />
                <line number="58" hits="1" branch="False" />
                <line number="60" hits="1" branch="False" />
                <line number="61" hits="1" branch="False" />
                <line number="62" hits="1" branch="False" />
                <line number="64" hits="2" branch="False" />
              </lines>
            </method>
            <method name=".ctor" signature="(Fitness_Service_API.Services.IReservationService)" line-rate="1" branch-rate="1" complexity="1">
              <lines>
                <line number="11" hits="9" branch="False" />
                <line number="12" hits="9" branch="False" />
                <line number="13" hits="9" branch="False" />
                <line number="14" hits="9" branch="False" />
              </lines>
            </method>
          </methods>
          <lines>
            <line number="18" hits="4" branch="False" />
            <line number="19" hits="7" branch="False" />
            <line number="20" hits="7" branch="False" />
            <line number="22" hits="4" branch="True" condition-coverage="100% (4/4)">
              <conditions>
                <condition number="68" type="jump" coverage="100%" />
                <condition number="79" type="jump" coverage="100%" />
              </conditions>
            </line>
            <line number="23" hits="2" branch="False" />
            <line number="26" hits="2" branch="False" />
            <line number="27" hits="2" branch="False" />
            <line number="28" hits="1" branch="False" />
            <line number="30" hits="1" branch="False" />
            <line number="31" hits="1" branch="False" />
            <line number="32" hits="1" branch="False" />
            <line number="34" hits="4" branch="False" />
            <line number="38" hits="1" branch="False" />
            <line number="39" hits="1" branch="False" />
            <line number="40" hits="1" branch="False" />
            <line number="44" hits="2" branch="False" />
            <line number="45" hits="3" branch="False" />
            <line number="46" hits="2" branch="True" condition-coverage="100% (2/2)">
              <conditions>
                <condition number="43" type="jump" coverage="100%" />
              </conditions>
            </line>
            <line number="47" hits="1" branch="False" />
            <line number="49" hits="1" branch="False" />
            <line number="50" hits="2" branch="False" />
            <line number="54" hits="2" branch="False" />
            <line number="56" hits="2" branch="False" />
            <line number="57" hits="2" branch="False" />
            <line number="58" hits="1" branch="False" />
            <line number="60" hits="1" branch="False" />
            <line number="61" hits="1" branch="False" />
            <line number="62" hits="1" branch="False" />
            <line number="64" hits="2" branch="False" />
            <line number="11" hits="9" branch="False" />
            <line number="12" hits="9" branch="False" />
            <line number="13" hits="9" branch="False" />
            <line number="14" hits="9" branch="False" />
          </lines>
        </class>
        <class name="FitnessClass" filename="Entities\Entitie_FitnessClass.cs" line-rate="1" branch-rate="1" complexity="6">
          <methods>
            <method name="get_Id" signature="()" line-rate="1" branch-rate="1" complexity="1">
              <lines>
                <line number="5" hits="1136" branch="False" />
              </lines>
            </method>
            <method name="get_Name" signature="()" line-rate="1" branch-rate="1" complexity="1">
              <lines>
                <line number="6" hits="115" branch="False" />
              </lines>
            </method>
            <method name="get_Instructor" signature="()" line-rate="1" branch-rate="1" complexity="1">
              <lines>
                <line number="7" hits="112" branch="False" />
              </lines>
            </method>
            <method name="get_Capacity" signature="()" line-rate="1" branch-rate="1" complexity="1">
              <lines>
                <line number="8" hits="2407" branch="False" />
              </lines>
            </method>
            <method name="get_StartTime" signature="()" line-rate="1" branch-rate="1" complexity="1">
              <lines>
                <line number="9" hits="1016" branch="False" />
              </lines>
            </method>
            <method name="get_Reservations" signature="()" line-rate="1" branch-rate="1" complexity="1">
              <lines>
                <line number="11" hits="3533" branch="False" />
              </lines>
            </method>
          </methods>
          <lines>
            <line number="5" hits="1136" branch="False" />
            <line number="6" hits="115" branch="False" />
            <line number="7" hits="112" branch="False" />
            <line number="8" hits="2407" branch="False" />
            <line number="9" hits="1016" branch="False" />
            <line number="11" hits="3533" branch="False" />
          </lines>
        </class>
        <class name="Program" filename="Program.cs" line-rate="0" branch-rate="0" complexity="2">
          <methods>
            <method name="&lt;Main&gt;$" signature="(System.String[])" line-rate="0" branch-rate="0" complexity="2">
              <lines>
                <line number="3" hits="0" branch="False" />
                <line number="6" hits="0" branch="False" />
                <line number="9" hits="0" branch="False" />
                <line number="10" hits="0" branch="False" />
                <line number="13" hits="0" branch="False" />
                <line number="14" hits="0" branch="False" />
                <line number="16" hits="0" branch="False" />
                <line number="19" hits="0" branch="True" condition-coverage="0% (0/2)">
                  <conditions>
                    <condition number="88" type="jump" coverage="0%" />
                  </conditions>
                </line>
                <line number="20" hits="0" branch="False" />
                <line number="21" hits="0" branch="False" />
                <line number="22" hits="0" branch="False" />
                <line number="23" hits="0" branch="False" />
                <line number="25" hits="0" branch="False" />
                <line number="27" hits="0" branch="False" />
                <line number="29" hits="0" branch="False" />
                <line number="31" hits="0" branch="False" />
              </lines>
            </method>
          </methods>
          <lines>
            <line number="3" hits="0" branch="False" />
            <line number="6" hits="0" branch="False" />
            <line number="9" hits="0" branch="False" />
            <line number="10" hits="0" branch="False" />
            <line number="13" hits="0" branch="False" />
            <line number="14" hits="0" branch="False" />
            <line number="16" hits="0" branch="False" />
            <line number="19" hits="0" branch="True" condition-coverage="0% (0/2)">
              <conditions>
                <condition number="88" type="jump" coverage="0%" />
              </conditions>
            </line>
            <line number="20" hits="0" branch="False" />
            <line number="21" hits="0" branch="False" />
            <line number="22" hits="0" branch="False" />
            <line number="23" hits="0" branch="False" />
            <line number="25" hits="0" branch="False" />
            <line number="27" hits="0" branch="False" />
            <line number="29" hits="0" branch="False" />
            <line number="31" hits="0" branch="False" />
          </lines>
        </class>
        <class name="Fitness_Service_API.Services.PricingService" filename="Services\Service_Pricing.cs" line-rate="0.9582999999999999" branch-rate="1" complexity="13">
          <methods>
            <method name="CalculatePrice" signature="(Fitness_Service_API.Entities.MembershipType,System.DateTime,System.Int32,System.Int32)" line-rate="1" branch-rate="1" complexity="12">
              <lines>
                <line number="14" hits="614" branch="False" />
                <line number="15" hits="614" branch="False" />
                <line number="18" hits="614" branch="True" condition-coverage="100% (4/4)">
                  <conditions>
                    <condition number="17" type="switch" coverage="100%" />
                  </conditions>
                </line>
                <line number="19" hits="614" branch="False" />
                <line number="20" hits="250" branch="False" />
                <line number="21" hits="247" branch="False" />
                <line number="22" hits="116" branch="False" />
                <line number="23" hits="1" branch="False" />
                <line number="24" hits="614" branch="False" />
                <line number="27" hits="613" branch="True" condition-coverage="100% (4/4)">
                  <conditions>
                    <condition number="108" type="jump" coverage="100%" />
                    <condition number="128" type="jump" coverage="100%" />
                  </conditions>
                </line>
                <line number="28" hits="175" branch="False" />
                <line number="29" hits="175" branch="False" />
                <line number="30" hits="175" branch="False" />
                <line number="33" hits="613" branch="True" condition-coverage="100% (2/2)">
                  <conditions>
                    <condition number="158" type="jump" coverage="100%" />
                  </conditions>
                </line>
                <line number="34" hits="612" branch="False" />
                <line number="35" hits="612" branch="False" />
                <line number="36" hits="612" branch="True" condition-coverage="100% (2/2)">
                  <conditions>
                    <condition number="202" type="jump" coverage="100%" />
                  </conditions>
                </line>
                <line number="37" hits="305" branch="False" />
                <line number="38" hits="305" branch="False" />
                <line number="39" hits="305" branch="False" />
                <line number="40" hits="612" branch="False" />
                <line number="42" hits="613" branch="False" />
                <line number="43" hits="613" branch="False" />
              </lines>
            </method>
            <method name=".cctor" signature="()" line-rate="0" branch-rate="1" complexity="1">
              <lines>
                <line number="7" hits="0" branch="False" />
              </lines>
            </method>
          </methods>
          <lines>
            <line number="14" hits="614" branch="False" />
            <line number="15" hits="614" branch="False" />
            <line number="18" hits="614" branch="True" condition-coverage="100% (4/4)">
              <conditions>
                <condition number="17" type="switch" coverage="100%" />
              </conditions>
            </line>
            <line number="19" hits="614" branch="False" />
            <line number="20" hits="250" branch="False" />
            <line number="21" hits="247" branch="False" />
            <line number="22" hits="116" branch="False" />
            <line number="23" hits="1" branch="False" />
            <line number="24" hits="614" branch="False" />
            <line number="27" hits="613" branch="True" condition-coverage="100% (4/4)">
              <conditions>
                <condition number="108" type="jump" coverage="100%" />
                <condition number="128" type="jump" coverage="100%" />
              </conditions>
            </line>
            <line number="28" hits="175" branch="False" />
            <line number="29" hits="175" branch="False" />
            <line number="30" hits="175" branch="False" />
            <line number="33" hits="613" branch="True" condition-coverage="100% (2/2)">
              <conditions>
                <condition number="158" type="jump" coverage="100%" />
              </conditions>
            </line>
            <line number="34" hits="612" branch="False" />
            <line number="35" hits="612" branch="False" />
            <line number="36" hits="612" branch="True" condition-coverage="100% (2/2)">
              <conditions>
                <condition number="202" type="jump" coverage="100%" />
              </conditions>
            </line>
            <line number="37" hits="305" branch="False" />
            <line number="38" hits="305" branch="False" />
            <line number="39" hits="305" branch="False" />
            <line number="40" hits="612" branch="False" />
            <line number="42" hits="613" branch="False" />
            <line number="43" hits="613" branch="False" />
            <line number="7" hits="0" branch="False" />
          </lines>
        </class>
        <class name="Fitness_Service_API.Services.ReservationService" filename="Services\Service_Reservation.cs" line-rate="1" branch-rate="1" complexity="9">
          <methods>
            <method name="CreateReservation" signature="(Fitness_Service_API.Entities.Member,FitnessClass)" line-rate="1" branch-rate="1" complexity="6">
              <lines>
                <line number="16" hits="1392" branch="False" />
                <line number="18" hits="1392" branch="True" condition-coverage="100% (2/2)">
                  <conditions>
                    <condition number="7" type="jump" coverage="100%" />
                  </conditions>
                </line>
                <line number="19" hits="1" branch="False" />
                <line number="21" hits="1391" branch="True" condition-coverage="100% (2/2)">
                  <conditions>
                    <condition number="26" type="jump" coverage="100%" />
                  </conditions>
                </line>
                <line number="22" hits="1" branch="False" />
                <line number="25" hits="1390" branch="True" condition-coverage="100% (2/2)">
                  <conditions>
                    <condition number="65" type="jump" coverage="100%" />
                  </conditions>
                </line>
                <line number="26" hits="479" branch="False" />
                <line number="28" hits="911" branch="False" />
                <line number="29" hits="911" branch="False" />
                <line number="30" hits="911" branch="False" />
                <line number="31" hits="911" branch="False" />
                <line number="32" hits="911" branch="False" />
                <line number="34" hits="911" branch="False" />
                <line number="35" hits="911" branch="False" />
                <line number="36" hits="911" branch="False" />
                <line number="37" hits="911" branch="False" />
                <line number="38" hits="911" branch="False" />
                <line number="39" hits="911" branch="False" />
                <line number="41" hits="911" branch="False" />
                <line number="42" hits="911" branch="False" />
                <line number="44" hits="911" branch="False" />
                <line number="45" hits="911" branch="False" />
              </lines>
            </method>
            <method name="CancelReservation" signature="(System.Guid)" line-rate="1" branch-rate="1" complexity="2">
              <lines>
                <line number="48" hits="2" branch="False" />
                <line number="49" hits="2" branch="False" />
                <line number="50" hits="3" branch="False" />
                <line number="52" hits="2" branch="True" condition-coverage="100% (2/2)">
                  <conditions>
                    <condition number="43" type="jump" coverage="100%" />
                  </conditions>
                </line>
                <line number="53" hits="1" branch="False" />
                <line number="55" hits="1" branch="False" />
                <line number="56" hits="1" branch="False" />
              </lines>
            </method>
            <method name=".ctor" signature="(Fitness_Service_API.Services.IPricingService)" line-rate="1" branch-rate="1" complexity="1">
              <lines>
                <line number="10" hits="106" branch="False" />
                <line number="11" hits="106" branch="False" />
                <line number="12" hits="106" branch="False" />
                <line number="13" hits="106" branch="False" />
              </lines>
            </method>
          </methods>
          <lines>
            <line number="16" hits="1392" branch="False" />
            <line number="18" hits="1392" branch="True" condition-coverage="100% (2/2)">
              <conditions>
                <condition number="7" type="jump" coverage="100%" />
              </conditions>
            </line>
            <line number="19" hits="1" branch="False" />
            <line number="21" hits="1391" branch="True" condition-coverage="100% (2/2)">
              <conditions>
                <condition number="26" type="jump" coverage="100%" />
              </conditions>
            </line>
            <line number="22" hits="1" branch="False" />
            <line number="25" hits="1390" branch="True" condition-coverage="100% (2/2)">
              <conditions>
                <condition number="65" type="jump" coverage="100%" />
              </conditions>
            </line>
            <line number="26" hits="479" branch="False" />
            <line number="28" hits="911" branch="False" />
            <line number="29" hits="911" branch="False" />
            <line number="30" hits="911" branch="False" />
            <line number="31" hits="911" branch="False" />
            <line number="32" hits="911" branch="False" />
            <line number="34" hits="911" branch="False" />
            <line number="35" hits="911" branch="False" />
            <line number="36" hits="911" branch="False" />
            <line number="37" hits="911" branch="False" />
            <line number="38" hits="911" branch="False" />
            <line number="39" hits="911" branch="False" />
            <line number="41" hits="911" branch="False" />
            <line number="42" hits="911" branch="False" />
            <line number="44" hits="911" branch="False" />
            <line number="45" hits="911" branch="False" />
            <line number="48" hits="2" branch="False" />
            <line number="49" hits="2" branch="False" />
            <line number="50" hits="3" branch="False" />
            <line number="52" hits="2" branch="True" condition-coverage="100% (2/2)">
              <conditions>
                <condition number="43" type="jump" coverage="100%" />
              </conditions>
            </line>
            <line number="53" hits="1" branch="False" />
            <line number="55" hits="1" branch="False" />
            <line number="56" hits="1" branch="False" />
            <line number="10" hits="106" branch="False" />
            <line number="11" hits="106" branch="False" />
            <line number="12" hits="106" branch="False" />
            <line number="13" hits="106" branch="False" />
          </lines>
        </class>
        <class name="Fitness_Service_API.Infrastructure.InMemoryDatabase" filename="Infrastructure\InMemoryDatabse.cs" line-rate="1" branch-rate="1" complexity="3">
          <methods>
            <method name="get_Members" signature="()" line-rate="1" branch-rate="1" complexity="1">
              <lines>
                <line number="7" hits="27" branch="False" />
              </lines>
            </method>
            <method name="get_Classes" signature="()" line-rate="1" branch-rate="1" complexity="1">
              <lines>
                <line number="8" hits="25" branch="False" />
              </lines>
            </method>
            <method name="get_Reservations" signature="()" line-rate="1" branch-rate="1" complexity="1">
              <lines>
                <line number="9" hits="932" branch="False" />
              </lines>
            </method>
          </methods>
          <lines>
            <line number="7" hits="27" branch="False" />
            <line number="8" hits="25" branch="False" />
            <line number="9" hits="932" branch="False" />
          </lines>
        </class>
        <class name="Fitness_Service_API.Entities.Member" filename="Entities\Entitie_Member.cs" line-rate="1" branch-rate="1" complexity="3">
          <methods>
            <method name="get_Id" signature="()" line-rate="1" branch-rate="1" complexity="1">
              <lines>
                <line number="13" hits="3915" branch="False" />
              </lines>
            </method>
            <method name="get_Name" signature="()" line-rate="1" branch-rate="1" complexity="1">
              <lines>
                <line number="14" hits="1500" branch="False" />
              </lines>
            </method>
            <method name="get_MembershipType" signature="()" line-rate="1" branch-rate="1" complexity="1">
              <lines>
                <line number="15" hits="915" branch="False" />
              </lines>
            </method>
          </methods>
          <lines>
            <line number="13" hits="3915" branch="False" />
            <line number="14" hits="1500" branch="False" />
            <line number="15" hits="915" branch="False" />
          </lines>
        </class>
        <class name="Fitness_Service_API.Entities.Reservation" filename="Entities\Entitie_Reservation.cs" line-rate="1" branch-rate="1" complexity="5">
          <methods>
            <method name="get_Id" signature="()" line-rate="1" branch-rate="1" complexity="1">
              <lines>
                <line number="5" hits="931" branch="False" />
              </lines>
            </method>
            <method name="get_MemberId" signature="()" line-rate="1" branch-rate="1" complexity="1">
              <lines>
                <line number="6" hits="913" branch="False" />
              </lines>
            </method>
            <method name="get_FitnessClassId" signature="()" line-rate="1" branch-rate="1" complexity="1">
              <lines>
                <line number="7" hits="912" branch="False" />
              </lines>
            </method>
            <method name="get_PricePaid" signature="()" line-rate="1" branch-rate="1" complexity="1">
              <lines>
                <line number="8" hits="912" branch="False" />
              </lines>
            </method>
            <method name="get_ReservedAt" signature="()" line-rate="1" branch-rate="1" complexity="1">
              <lines>
                <line number="9" hits="921" branch="False" />
              </lines>
            </method>
          </methods>
          <lines>
            <line number="5" hits="931" branch="False" />
            <line number="6" hits="913" branch="False" />
            <line number="7" hits="912" branch="False" />
            <line number="8" hits="912" branch="False" />
            <line number="9" hits="921" branch="False" />
          </lines>
        </class>
        <class name="Fitness_Service_API.Controllers.ClassesController" filename="Controllers\Controller_FitnessClass.cs" line-rate="1" branch-rate="1" complexity="2">
          <methods>
            <method name="CreateClass" signature="(FitnessClass)" line-rate="1" branch-rate="1" complexity="1">
              <lines>
                <line number="13" hits="1" branch="False" />
                <line number="14" hits="1" branch="False" />
                <line number="15" hits="1" branch="False" />
                <line number="16" hits="1" branch="False" />
              </lines>
            </method>
            <method name="GetClasses" signature="()" line-rate="1" branch-rate="1" complexity="1">
              <lines>
                <line number="20" hits="1" branch="False" />
                <line number="21" hits="1" branch="False" />
                <line number="22" hits="1" branch="False" />
              </lines>
            </method>
          </methods>
          <lines>
            <line number="13" hits="1" branch="False" />
            <line number="14" hits="1" branch="False" />
            <line number="15" hits="1" branch="False" />
            <line number="16" hits="1" branch="False" />
            <line number="20" hits="1" branch="False" />
            <line number="21" hits="1" branch="False" />
            <line number="22" hits="1" branch="False" />
          </lines>
        </class>
        <class name="Fitness_Service_API.Controllers.MembersController" filename="Controllers\Controller_Member.cs" line-rate="1" branch-rate="1" complexity="3">
          <methods>
            <method name="AddMember" signature="(Fitness_Service_API.Entities.Member)" line-rate="1" branch-rate="1" complexity="1">
              <lines>
                <line number="13" hits="1" branch="False" />
                <line number="14" hits="1" branch="False" />
                <line number="15" hits="1" branch="False" />
                <line number="16" hits="1" branch="False" />
              </lines>
            </method>
            <method name="GetMember" signature="(System.Guid)" line-rate="1" branch-rate="1" complexity="2">
              <lines>
                <line number="20" hits="2" branch="False" />
                <line number="21" hits="3" branch="False" />
                <line number="22" hits="2" branch="True" condition-coverage="100% (2/2)">
                  <conditions>
                    <condition number="43" type="jump" coverage="100%" />
                  </conditions>
                </line>
                <line number="23" hits="1" branch="False" />
                <line number="25" hits="1" branch="False" />
                <line number="26" hits="2" branch="False" />
              </lines>
            </method>
          </methods>
          <lines>
            <line number="13" hits="1" branch="False" />
            <line number="14" hits="1" branch="False" />
            <line number="15" hits="1" branch="False" />
            <line number="16" hits="1" branch="False" />
            <line number="20" hits="2" branch="False" />
            <line number="21" hits="3" branch="False" />
            <line number="22" hits="2" branch="True" condition-coverage="100% (2/2)">
              <conditions>
                <condition number="43" type="jump" coverage="100%" />
              </conditions>
            </line>
            <line number="23" hits="1" branch="False" />
            <line number="25" hits="1" branch="False" />
            <line number="26" hits="2" branch="False" />
          </lines>
        </class>
      </classes>
    </package>
  </packages>
</coverage>