<?xml version="1.0" encoding="utf-8"?>
<coverage line-rate="0.8" branch-rate="0.7333" version="1.9" timestamp="1766286186" lines-covered="112" lines-valid="140" branches-covered="22" branches-valid="30">
  <sources>
    <source>C:\Users\cany7\source\repos\CEN315 Fitness Service\Fitness_Service_API\</source>
  </sources>
  <packages>
    <package name="Fitness_Service_API" line-rate="0.8" branch-rate="0.7333" complexity="55">
      <classes>
        <class name="ReservationsController" filename="Controllers\Controller_Reservation.cs" line-rate="1" branch-rate="1" complexity="9">
          <methods>
            <method name="CreateReservation" signature="(System.Guid,System.Guid)" line-rate="1" branch-rate="1" complexity="4">
              <lines>
                <line number="18" hits="7" branch="False" />
                <line number="19" hits="12" branch="False" />
                <line number="20" hits="13" branch="False" />
                <line number="22" hits="7" branch="True" condition-coverage="100% (4/4)">
                  <conditions>
                    <condition number="68" type="jump" coverage="100%" />
                    <condition number="79" type="jump" coverage="100%" />
                  </conditions>
                </line>
                <line number="23" hits="4" branch="False" />
                <line number="26" hits="3" branch="False" />
                <line number="27" hits="3" branch="False" />
                <line number="28" hits="2" branch="False" />
                <line number="30" hits="1" branch="False" />
                <line number="31" hits="1" branch="False" />
                <line number="32" hits="1" branch="False" />
                <line number="34" hits="7" branch="False" />
              </lines>
            </method>
            <method name="GetAll" signature="()" line-rate="1" branch-rate="1" complexity="1">
              <lines>
                <line number="38" hits="2" branch="False" />
                <line number="39" hits="2" branch="False" />
                <line number="40" hits="2" branch="False" />
              </lines>
            </method>
            <method name="GetById" signature="(System.Guid)" line-rate="1" branch-rate="1" complexity="2">
              <lines>
                <line number="44" hits="4" branch="False" />
                <line number="45" hits="6" branch="False" />
                <line number="46" hits="4" branch="True" condition-coverage="100% (2/2)">
                  <conditions>
                    <condition number="43" type="jump" coverage="100%" />
                  </conditions>
                </line>
                <line number="47" hits="2" branch="False" />
                <line number="49" hits="2" branch="False" />
                <line number="50" hits="4" branch="False" />
              </lines>
            </method>
            <method name="Delete" signature="(System.Guid)" line-rate="1" branch-rate="1" complexity="1">
              <lines>
                <line number="54" hits="4" branch="False" />
                <line number="56" hits="4" branch="False" />
                <line number="57" hits="4" branch="False" />
                <line number="58" hits="2" branch="False" />
                <line number="60" hits="2" branch="False" />
                <line number="61" hits="2" branch="False" />
                <line number="62" hits="2" branch="False" />
                <line number="64" hits="4" branch="False" />
              </lines>
            </method>
            <method name=".ctor" signature="(Fitness_Service_API.Services.IReservationService)" line-rate="1" branch-rate="1" complexity="1">
              <lines>
                <line number="11" hits="17" branch="False" />
                <line number="12" hits="17" branch="False" />
                <line number="13" hits="17" branch="False" />
                <line number="14" hits="17" branch="False" />
              </lines>
            </method>
          </methods>
          <lines>
            <line number="18" hits="7" branch="False" />
            <line number="19" hits="12" branch="False" />
            <line number="20" hits="13" branch="False" />
            <line number="22" hits="7" branch="True" condition-coverage="100% (4/4)">
              <conditions>
                <condition number="68" type="jump" coverage="100%" />
                <condition number="79" type="jump" coverage="100%" />
              </conditions>
            </line>
            <line number="23" hits="4" branch="False" />
            <line number="26" hits="3" branch="False" />
            <line number="27" hits="3" branch="False" />
            <line number="28" hits="2" branch="False" />
            <line number="30" hits="1" branch="False" />
            <line number="31" hits="1" branch="False" />
            <line number="32" hits="1" branch="False" />
            <line number="34" hits="7" branch="False" />
            <line number="38" hits="2" branch="False" />
            <line number="39" hits="2" branch="False" />
            <line number="40" hits="2" branch="False" />
            <line number="44" hits="4" branch="False" />
            <line number="45" hits="6" branch="False" />
            <line number="46" hits="4" branch="True" condition-coverage="100% (2/2)">
              <conditions>
                <condition number="43" type="jump" coverage="100%" />
              </conditions>
            </line>
            <line number="47" hits="2" branch="False" />
            <line number="49" hits="2" branch="False" />
            <line number="50" hits="4" branch="False" />
            <line number="54" hits="4" branch="False" />
            <line number="56" hits="4" branch="False" />
            <line number="57" hits="4" branch="False" />
            <line number="58" hits="2" branch="False" />
            <line number="60" hits="2" branch="False" />
            <line number="61" hits="2" branch="False" />
            <line number="62" hits="2" branch="False" />
            <line number="64" hits="4" branch="False" />
            <line number="11" hits="17" branch="False" />
            <line number="12" hits="17" branch="False" />
            <line number="13" hits="17" branch="False" />
            <line number="14" hits="17" branch="False" />
          </lines>
        </class>
        <class name="FitnessClass" filename="Entities\Entitie_FitnessClass.cs" line-rate="1" branch-rate="1" complexity="6">
          <methods>
            <method name="get_Id" signature="()" line-rate="1" branch-rate="1" complexity="1">
              <lines>
                <line number="5" hits="1092" branch="False" />
              </lines>
            </method>
            <method name="get_Name" signature="()" line-rate="1" branch-rate="1" complexity="1">
              <lines>
                <line number="6" hits="109" branch="False" />
              </lines>
            </method>
            <method name="get_Instructor" signature="()" line-rate="1" branch-rate="1" complexity="1">
              <lines>
                <line number="7" hits="108" branch="False" />
              </lines>
            </method>
            <method name="get_Capacity" signature="()" line-rate="1" branch-rate="1" complexity="1">
              <lines>
                <line number="8" hits="2261" branch="False" />
              </lines>
            </method>
            <method name="get_StartTime" signature="()" line-rate="1" branch-rate="1" complexity="1">
              <lines>
                <line number="9" hits="968" branch="False" />
              </lines>
            </method>
            <method name="get_Reservations" signature="()" line-rate="1" branch-rate="1" complexity="1">
              <lines>
                <line number="11" hits="3128" branch="False" />
              </lines>
            </method>
          </methods>
          <lines>
            <line number="5" hits="1092" branch="False" />
            <line number="6" hits="109" branch="False" />
            <line number="7" hits="108" branch="False" />
            <line number="8" hits="2261" branch="False" />
            <line number="9" hits="968" branch="False" />
            <line number="11" hits="3128" branch="False" />
          </lines>
        </class>
        <class name="Program" filename="Program.cs" line-rate="0" branch-rate="0" complexity="2">
          <methods>
            <method name="&lt;Main&gt;$" signature="(System.String[])" line-rate="0" branch-rate="0" complexity="2">
              <lines>
                <line number="3" hits="0" branch="False" />
                <line number="6" hits="0" branch="False" />
                <line number="9" hits="0" branch="False" />
                <line number="10" hits="0" branch="False" />
                <line number="13" hits="0" branch="False" />
                <line number="14" hits="0" branch="False" />
                <line number="16" hits="0" branch="False" />
                <line number="19" hits="0" branch="True" condition-coverage="0% (0/2)">
                  <conditions>
                    <condition number="88" type="jump" coverage="0%" />
                  </conditions>
                </line>
                <line number="20" hits="0" branch="False" />
                <line number="21" hits="0" branch="False" />
                <line number="22" hits="0" branch="False" />
                <line number="23" hits="0" branch="False" />
                <line number="25" hits="0" branch="False" />
                <line number="27" hits="0" branch="False" />
                <line number="29" hits="0" branch="False" />
                <line number="31" hits="0" branch="False" />
              </lines>
            </method>
          </methods>
          <lines>
            <line number="3" hits="0" branch="False" />
            <line number="6" hits="0" branch="False" />
            <line number="9" hits="0" branch="False" />
            <line number="10" hits="0" branch="False" />
            <line number="13" hits="0" branch="False" />
            <line number="14" hits="0" branch="False" />
            <line number="16" hits="0" branch="False" />
            <line number="19" hits="0" branch="True" condition-coverage="0% (0/2)">
              <conditions>
                <condition number="88" type="jump" coverage="0%" />
              </conditions>
            </line>
            <line number="20" hits="0" branch="False" />
            <line number="21" hits="0" branch="False" />
            <line number="22" hits="0" branch="False" />
            <line number="23" hits="0" branch="False" />
            <line number="25" hits="0" branch="False" />
            <line number="27" hits="0" branch="False" />
            <line number="29" hits="0" branch="False" />
            <line number="31" hits="0" branch="False" />
          </lines>
        </class>
        <class name="Fitness_Service_API.Services.PricingService" filename="Services\Service_Pricing.cs" line-rate="0.9166" branch-rate="0.9166" complexity="13">
          <methods>
            <method name="CalculatePrice" signature="(Fitness_Service_API.Entities.MembershipType,System.DateTime,System.Int32,System.Int32)" line-rate="0.9565" branch-rate="0.9166" complexity="12">
              <lines>
                <line number="14" hits="967" branch="False" />
                <line number="15" hits="967" branch="False" />
                <line number="18" hits="967" branch="True" condition-coverage="75% (3/4)">
                  <conditions>
                    <condition number="17" type="switch" coverage="75%" />
                  </conditions>
                </line>
                <line number="19" hits="967" branch="False" />
                <line number="20" hits="903" branch="False" />
                <line number="21" hits="26" branch="False" />
                <line number="22" hits="38" branch="False" />
                <line number="23" hits="0" branch="False" />
                <line number="24" hits="967" branch="False" />
                <line number="27" hits="967" branch="True" condition-coverage="100% (4/4)">
                  <conditions>
                    <condition number="108" type="jump" coverage="100%" />
                    <condition number="128" type="jump" coverage="100%" />
                  </conditions>
                </line>
                <line number="28" hits="21" branch="False" />
                <line number="29" hits="21" branch="False" />
                <line number="30" hits="21" branch="False" />
                <line number="33" hits="967" branch="True" condition-coverage="100% (2/2)">
                  <conditions>
                    <condition number="158" type="jump" coverage="100%" />
                  </conditions>
                </line>
                <line number="34" hits="967" branch="False" />
                <line number="35" hits="967" branch="False" />
                <line number="36" hits="967" branch="True" condition-coverage="100% (2/2)">
                  <conditions>
                    <condition number="202" type="jump" coverage="100%" />
                  </conditions>
                </line>
                <line number="37" hits="136" branch="False" />
                <line number="38" hits="136" branch="False" />
                <line number="39" hits="136" branch="False" />
                <line number="40" hits="967" branch="False" />
                <line number="42" hits="967" branch="False" />
                <line number="43" hits="967" branch="False" />
              </lines>
            </method>
            <method name=".cctor" signature="()" line-rate="0" branch-rate="1" complexity="1">
              <lines>
                <line number="7" hits="0" branch="False" />
              </lines>
            </method>
          </methods>
          <lines>
            <line number="14" hits="967" branch="False" />
            <line number="15" hits="967" branch="False" />
            <line number="18" hits="967" branch="True" condition-coverage="75% (3/4)">
              <conditions>
                <condition number="17" type="switch" coverage="75%" />
              </conditions>
            </line>
            <line number="19" hits="967" branch="False" />
            <line number="20" hits="903" branch="False" />
            <line number="21" hits="26" branch="False" />
            <line number="22" hits="38" branch="False" />
            <line number="23" hits="0" branch="False" />
            <line number="24" hits="967" branch="False" />
            <line number="27" hits="967" branch="True" condition-coverage="100% (4/4)">
              <conditions>
                <condition number="108" type="jump" coverage="100%" />
                <condition number="128" type="jump" coverage="100%" />
              </conditions>
            </line>
            <line number="28" hits="21" branch="False" />
            <line number="29" hits="21" branch="False" />
            <line number="30" hits="21" branch="False" />
            <line number="33" hits="967" branch="True" condition-coverage="100% (2/2)">
              <conditions>
                <condition number="158" type="jump" coverage="100%" />
              </conditions>
            </line>
            <line number="34" hits="967" branch="False" />
            <line number="35" hits="967" branch="False" />
            <line number="36" hits="967" branch="True" condition-coverage="100% (2/2)">
              <conditions>
                <condition number="202" type="jump" coverage="100%" />
              </conditions>
            </line>
            <line number="37" hits="136" branch="False" />
            <line number="38" hits="136" branch="False" />
            <line number="39" hits="136" branch="False" />
            <line number="40" hits="967" branch="False" />
            <line number="42" hits="967" branch="False" />
            <line number="43" hits="967" branch="False" />
            <line number="7" hits="0" branch="False" />
          </lines>
        </class>
        <class name="Fitness_Service_API.Services.ReservationService" filename="Services\Service_Reservation.cs" line-rate="0.7272" branch-rate="0.5" complexity="9">
          <methods>
            <method name="CreateReservation" signature="(Fitness_Service_API.Entities.Member,FitnessClass)" line-rate="0.909" branch-rate="0.6666" complexity="6">
              <lines>
                <line number="16" hits="1189" branch="False" />
                <line number="18" hits="1189" branch="True" condition-coverage="50% (1/2)">
                  <conditions>
                    <condition number="7" type="jump" coverage="50%" />
                  </conditions>
                </line>
                <line number="19" hits="0" branch="False" />
                <line number="21" hits="1189" branch="True" condition-coverage="50% (1/2)">
                  <conditions>
                    <condition number="26" type="jump" coverage="50%" />
                  </conditions>
                </line>
                <line number="22" hits="0" branch="False" />
                <line number="25" hits="1189" branch="True" condition-coverage="100% (2/2)">
                  <conditions>
                    <condition number="65" type="jump" coverage="100%" />
                  </conditions>
                </line>
                <line number="26" hits="323" branch="False" />
                <line number="28" hits="866" branch="False" />
                <line number="29" hits="866" branch="False" />
                <line number="30" hits="866" branch="False" />
                <line number="31" hits="866" branch="False" />
                <line number="32" hits="866" branch="False" />
                <line number="34" hits="866" branch="False" />
                <line number="35" hits="866" branch="False" />
                <line number="36" hits="866" branch="False" />
                <line number="37" hits="866" branch="False" />
                <line number="38" hits="866" branch="False" />
                <line number="39" hits="866" branch="False" />
                <line number="41" hits="866" branch="False" />
                <line number="42" hits="866" branch="False" />
                <line number="44" hits="866" branch="False" />
                <line number="45" hits="866" branch="False" />
              </lines>
            </method>
            <method name="CancelReservation" signature="(System.Guid)" line-rate="0" branch-rate="0" complexity="2">
              <lines>
                <line number="48" hits="0" branch="False" />
                <line number="49" hits="0" branch="False" />
                <line number="50" hits="0" branch="False" />
                <line number="52" hits="0" branch="True" condition-coverage="0% (0/2)">
                  <conditions>
                    <condition number="43" type="jump" coverage="0%" />
                  </conditions>
                </line>
                <line number="53" hits="0" branch="False" />
                <line number="55" hits="0" branch="False" />
                <line number="56" hits="0" branch="False" />
              </lines>
            </method>
            <method name=".ctor" signature="(Fitness_Service_API.Services.IPricingService)" line-rate="1" branch-rate="1" complexity="1">
              <lines>
                <line number="10" hits="100" branch="False" />
                <line number="11" hits="100" branch="False" />
                <line number="12" hits="100" branch="False" />
                <line number="13" hits="100" branch="False" />
              </lines>
            </method>
          </methods>
          <lines>
            <line number="16" hits="1189" branch="False" />
            <line number="18" hits="1189" branch="True" condition-coverage="50% (1/2)">
              <conditions>
                <condition number="7" type="jump" coverage="50%" />
              </conditions>
            </line>
            <line number="19" hits="0" branch="False" />
            <line number="21" hits="1189" branch="True" condition-coverage="50% (1/2)">
              <conditions>
                <condition number="26" type="jump" coverage="50%" />
              </conditions>
            </line>
            <line number="22" hits="0" branch="False" />
            <line number="25" hits="1189" branch="True" condition-coverage="100% (2/2)">
              <conditions>
                <condition number="65" type="jump" coverage="100%" />
              </conditions>
            </line>
            <line number="26" hits="323" branch="False" />
            <line number="28" hits="866" branch="False" />
            <line number="29" hits="866" branch="False" />
            <line number="30" hits="866" branch="False" />
            <line number="31" hits="866" branch="False" />
            <line number="32" hits="866" branch="False" />
            <line number="34" hits="866" branch="False" />
            <line number="35" hits="866" branch="False" />
            <line number="36" hits="866" branch="False" />
            <line number="37" hits="866" branch="False" />
            <line number="38" hits="866" branch="False" />
            <line number="39" hits="866" branch="False" />
            <line number="41" hits="866" branch="False" />
            <line number="42" hits="866" branch="False" />
            <line number="44" hits="866" branch="False" />
            <line number="45" hits="866" branch="False" />
            <line number="48" hits="0" branch="False" />
            <line number="49" hits="0" branch="False" />
            <line number="50" hits="0" branch="False" />
            <line number="52" hits="0" branch="True" condition-coverage="0% (0/2)">
              <conditions>
                <condition number="43" type="jump" coverage="0%" />
              </conditions>
            </line>
            <line number="53" hits="0" branch="False" />
            <line number="55" hits="0" branch="False" />
            <line number="56" hits="0" branch="False" />
            <line number="10" hits="100" branch="False" />
            <line number="11" hits="100" branch="False" />
            <line number="12" hits="100" branch="False" />
            <line number="13" hits="100" branch="False" />
          </lines>
        </class>
        <class name="Fitness_Service_API.Infrastructure.InMemoryDatabase" filename="Infrastructure\InMemoryDatabse.cs" line-rate="1" branch-rate="1" complexity="3">
          <methods>
            <method name="get_Members" signature="()" line-rate="1" branch-rate="1" complexity="1">
              <lines>
                <line number="7" hits="32" branch="False" />
              </lines>
            </method>
            <method name="get_Classes" signature="()" line-rate="1" branch-rate="1" complexity="1">
              <lines>
                <line number="8" hits="33" branch="False" />
              </lines>
            </method>
            <method name="get_Reservations" signature="()" line-rate="1" branch-rate="1" complexity="1">
              <lines>
                <line number="9" hits="895" branch="False" />
              </lines>
            </method>
          </methods>
          <lines>
            <line number="7" hits="32" branch="False" />
            <line number="8" hits="33" branch="False" />
            <line number="9" hits="895" branch="False" />
          </lines>
        </class>
        <class name="Fitness_Service_API.Entities.Member" filename="Entities\Entitie_Member.cs" line-rate="1" branch-rate="1" complexity="3">
          <methods>
            <method name="get_Id" signature="()" line-rate="1" branch-rate="1" complexity="1">
              <lines>
                <line number="13" hits="1090" branch="False" />
              </lines>
            </method>
            <method name="get_Name" signature="()" line-rate="1" branch-rate="1" complexity="1">
              <lines>
                <line number="14" hits="108" branch="False" />
              </lines>
            </method>
            <method name="get_MembershipType" signature="()" line-rate="1" branch-rate="1" complexity="1">
              <lines>
                <line number="15" hits="968" branch="False" />
              </lines>
            </method>
          </methods>
          <lines>
            <line number="13" hits="1090" branch="False" />
            <line number="14" hits="108" branch="False" />
            <line number="15" hits="968" branch="False" />
          </lines>
        </class>
        <class name="Fitness_Service_API.Entities.Reservation" filename="Entities\Entitie_Reservation.cs" line-rate="1" branch-rate="1" complexity="5">
          <methods>
            <method name="get_Id" signature="()" line-rate="1" branch-rate="1" complexity="1">
              <lines>
                <line number="5" hits="879" branch="False" />
              </lines>
            </method>
            <method name="get_MemberId" signature="()" line-rate="1" branch-rate="1" complexity="1">
              <lines>
                <line number="6" hits="869" branch="False" />
              </lines>
            </method>
            <method name="get_FitnessClassId" signature="()" line-rate="1" branch-rate="1" complexity="1">
              <lines>
                <line number="7" hits="868" branch="False" />
              </lines>
            </method>
            <method name="get_PricePaid" signature="()" line-rate="1" branch-rate="1" complexity="1">
              <lines>
                <line number="8" hits="867" branch="False" />
              </lines>
            </method>
            <method name="get_ReservedAt" signature="()" line-rate="1" branch-rate="1" complexity="1">
              <lines>
                <line number="9" hits="873" branch="False" />
              </lines>
            </method>
          </methods>
          <lines>
            <line number="5" hits="879" branch="False" />
            <line number="6" hits="869" branch="False" />
            <line number="7" hits="868" branch="False" />
            <line number="8" hits="867" branch="False" />
            <line number="9" hits="873" branch="False" />
          </lines>
        </class>
        <class name="Fitness_Service_API.Controllers.ClassesController" filename="Controllers\Controller_FitnessClass.cs" line-rate="1" branch-rate="1" complexity="2">
          <methods>
            <method name="CreateClass" signature="(FitnessClass)" line-rate="1" branch-rate="1" complexity="1">
              <lines>
                <line number="13" hits="1" branch="False" />
                <line number="14" hits="1" branch="False" />
                <line number="15" hits="1" branch="False" />
                <line number="16" hits="1" branch="False" />
              </lines>
            </method>
            <method name="GetClasses" signature="()" line-rate="1" branch-rate="1" complexity="1">
              <lines>
                <line number="20" hits="1" branch="False" />
                <line number="21" hits="1" branch="False" />
                <line number="22" hits="1" branch="False" />
              </lines>
            </method>
          </methods>
          <lines>
            <line number="13" hits="1" branch="False" />
            <line number="14" hits="1" branch="False" />
            <line number="15" hits="1" branch="False" />
            <line number="16" hits="1" branch="False" />
            <line number="20" hits="1" branch="False" />
            <line number="21" hits="1" branch="False" />
            <line number="22" hits="1" branch="False" />
          </lines>
        </class>
        <class name="Fitness_Service_API.Controllers.MembersController" filename="Controllers\Controller_Member.cs" line-rate="0.9" branch-rate="0.5" complexity="3">
          <methods>
            <method name="AddMember" signature="(Fitness_Service_API.Entities.Member)" line-rate="1" branch-rate="1" complexity="1">
              <lines>
                <line number="13" hits="1" branch="False" />
                <line number="14" hits="1" branch="False" />
                <line number="15" hits="1" branch="False" />
                <line number="16" hits="1" branch="False" />
              </lines>
            </method>
            <method name="GetMember" signature="(System.Guid)" line-rate="0.8332999999999999" branch-rate="0.5" complexity="2">
              <lines>
                <line number="20" hits="1" branch="False" />
                <line number="21" hits="1" branch="False" />
                <line number="22" hits="1" branch="True" condition-coverage="50% (1/2)">
                  <conditions>
                    <condition number="43" type="jump" coverage="50%" />
                  </conditions>
                </line>
                <line number="23" hits="1" branch="False" />
                <line number="25" hits="0" branch="False" />
                <line number="26" hits="1" branch="False" />
              </lines>
            </method>
          </methods>
          <lines>
            <line number="13" hits="1" branch="False" />
            <line number="14" hits="1" branch="False" />
            <line number="15" hits="1" branch="False" />
            <line number="16" hits="1" branch="False" />
            <line number="20" hits="1" branch="False" />
            <line number="21" hits="1" branch="False" />
            <line number="22" hits="1" branch="True" condition-coverage="50% (1/2)">
              <conditions>
                <condition number="43" type="jump" coverage="50%" />
              </conditions>
            </line>
            <line number="23" hits="1" branch="False" />
            <line number="25" hits="0" branch="False" />
            <line number="26" hits="1" branch="False" />
          </lines>
        </class>
      </classes>
    </package>
  </packages>
</coverage>